# JRE version: OpenJDK Runtime Environment (8.0_152-b02) (build 1.8.0_152-release-1024-b02)
# Java VM: OpenJDK 64-Bit Server VM (25.152-b02 mixed mode windows-amd64 compressed oops)
Heap:
 PSYoungGen      total 263680K, used 193298K [0x00000000eab00000, 0x0000000100000000, 0x0000000100000000)
  eden space 175616K, 98% used [0x00000000eab00000,0x00000000f545f9d0,0x00000000f5680000)
  from space 88064K, 22% used [0x00000000faa00000,0x00000000fbd65198,0x0000000100000000)
  to   space 85504K, 0% used [0x00000000f5680000,0x00000000f5680000,0x00000000faa00000)
 ParOldGen       total 295936K, used 137931K [0x00000000c0000000, 0x00000000d2100000, 0x00000000eab00000)
  object space 295936K, 46% used [0x00000000c0000000,0x00000000c86b2f28,0x00000000d2100000)
 Metaspace       used 83085K, capacity 88016K, committed 88152K, reserved 1126400K
  class space    used 10467K, capacity 11324K, committed 11392K, reserved 1048576K
GC Heap History (10 events):
Event: 8170.342 GC heap before
{Heap before GC invocations=61 (full 5):
 PSYoungGen      total 256000K, used 44423K [0x00000000eab00000, 0x00000000ffb00000, 0x0000000100000000)
  eden space 174080K, 0% used [0x00000000eab00000,0x00000000eab00000,0x00000000f5500000)
  from space 81920K, 54% used [0x00000000fab00000,0x00000000fd661fc0,0x00000000ffb00000)
  to   space 84992K, 0% used [0x00000000f5500000,0x00000000f5500000,0x00000000fa800000)
 ParOldGen       total 283648K, used 283099K [0x00000000c0000000, 0x00000000d1500000, 0x00000000eab00000)
  object space 283648K, 99% used [0x00000000c0000000,0x00000000d1476d08,0x00000000d1500000)
 Metaspace       used 82908K, capacity 87358K, committed 87512K, reserved 1126400K
  class space    used 10429K, capacity 11259K, committed 11264K, reserved 1048576K
Event: 8171.017 GC heap after
Heap after GC invocations=61 (full 5):
 PSYoungGen      total 256000K, used 0K [0x00000000eab00000, 0x00000000ffb00000, 0x0000000100000000)
  eden space 174080K, 0% used [0x00000000eab00000,0x00000000eab00000,0x00000000f5500000)
  from space 81920K, 0% used [0x00000000fab00000,0x00000000fab00000,0x00000000ffb00000)
  to   space 84992K, 0% used [0x00000000f5500000,0x00000000f5500000,0x00000000fa800000)
 ParOldGen       total 295936K, used 123400K [0x00000000c0000000, 0x00000000d2100000, 0x00000000eab00000)
  object space 295936K, 41% used [0x00000000c0000000,0x00000000c7882350,0x00000000d2100000)
 Metaspace       used 81964K, capacity 85768K, committed 87512K, reserved 1126400K
  class space    used 10273K, capacity 10973K, committed 11264K, reserved 1048576K
}
Event: 8172.396 GC heap before
{Heap before GC invocations=62 (full 5):
 PSYoungGen      total 256000K, used 174080K [0x00000000eab00000, 0x00000000ffb00000, 0x0000000100000000)
  eden space 174080K, 100% used [0x00000000eab00000,0x00000000f5500000,0x00000000f5500000)
  from space 81920K, 0% used [0x00000000fab00000,0x00000000fab00000,0x00000000ffb00000)
  to   space 84992K, 0% used [0x00000000f5500000,0x00000000f5500000,0x00000000fa800000)
 ParOldGen       total 295936K, used 123400K [0x00000000c0000000, 0x00000000d2100000, 0x00000000eab00000)
  object space 295936K, 41% used [0x00000000c0000000,0x00000000c7882350,0x00000000d2100000)
 Metaspace       used 82030K, capacity 85870K, committed 87512K, reserved 1126400K
  class space    used 10282K, capacity 10990K, committed 11264K, reserved 1048576K
Event: 8172.404 GC heap after
Heap after GC invocations=62 (full 5):
 PSYoungGen      total 259072K, used 20103K [0x00000000eab00000, 0x00000000ffe00000, 0x0000000100000000)
  eden space 174080K, 0% used [0x00000000eab00000,0x00000000eab00000,0x00000000f5500000)
  from space 84992K, 23% used [0x00000000f5500000,0x00000000f68a1c98,0x00000000fa800000)
  to   space 82432K, 0% used [0x00000000fad80000,0x00000000fad80000,0x00000000ffe00000)
 ParOldGen       total 295936K, used 123408K [0x00000000c0000000, 0x00000000d2100000, 0x00000000eab00000)
  object space 295936K, 41% used [0x00000000c0000000,0x00000000c7884350,0x00000000d2100000)
 Metaspace       used 82030K, capacity 85870K, committed 87512K, reserved 1126400K
  class space    used 10282K, capacity 10990K, committed 11264K, reserved 1048576K
}
Event: 8338.096 GC heap before
{Heap before GC invocations=63 (full 5):
 PSYoungGen      total 259072K, used 194183K [0x00000000eab00000, 0x00000000ffe00000, 0x0000000100000000)
  eden space 174080K, 100% used [0x00000000eab00000,0x00000000f5500000,0x00000000f5500000)
  from space 84992K, 23% used [0x00000000f5500000,0x00000000f68a1c98,0x00000000fa800000)
  to   space 82432K, 0% used [0x00000000fad80000,0x00000000fad80000,0x00000000ffe00000)
 ParOldGen       total 295936K, used 123408K [0x00000000c0000000, 0x00000000d2100000, 0x00000000eab00000)
  object space 295936K, 41% used [0x00000000c0000000,0x00000000c7884350,0x00000000d2100000)
 Metaspace       used 82927K, capacity 87650K, committed 87896K, reserved 1126400K
  class space    used 10452K, capacity 11297K, committed 11392K, reserved 1048576K
Event: 8338.112 GC heap after
Heap after GC invocations=63 (full 5):
 PSYoungGen      total 260608K, used 13445K [0x00000000eab00000, 0x00000000ffa80000, 0x0000000100000000)
  eden space 181760K, 0% used [0x00000000eab00000,0x00000000eab00000,0x00000000f5c80000)
  from space 78848K, 17% used [0x00000000fad80000,0x00000000fbaa16b8,0x00000000ffa80000)
  to   space 80896K, 0% used [0x00000000f5c80000,0x00000000f5c80000,0x00000000fab80000)
 ParOldGen       total 295936K, used 123812K [0x00000000c0000000, 0x00000000d2100000, 0x00000000eab00000)
  object space 295936K, 41% used [0x00000000c0000000,0x00000000c78e9380,0x00000000d2100000)
 Metaspace       used 82927K, capacity 87650K, committed 87896K, reserved 1126400K
  class space    used 10452K, capacity 11297K, committed 11392K, reserved 1048576K
}
Event: 8339.134 GC heap before
{Heap before GC invocations=64 (full 5):
 PSYoungGen      total 260608K, used 195205K [0x00000000eab00000, 0x00000000ffa80000, 0x0000000100000000)
  eden space 181760K, 100% used [0x00000000eab00000,0x00000000f5c80000,0x00000000f5c80000)
  from space 78848K, 17% used [0x00000000fad80000,0x00000000fbaa16b8,0x00000000ffa80000)
  to   space 80896K, 0% used [0x00000000f5c80000,0x00000000f5c80000,0x00000000fab80000)
 ParOldGen       total 295936K, used 123812K [0x00000000c0000000, 0x00000000d2100000, 0x00000000eab00000)
  object space 295936K, 41% used [0x00000000c0000000,0x00000000c78e9380,0x00000000d2100000)
 Metaspace       used 83000K, capacity 87842K, committed 88152K, reserved 1126400K
  class space    used 10457K, capacity 11307K, committed 11392K, reserved 1048576K
Event: 8339.226 GC heap after
Heap after GC invocations=64 (full 5):
 PSYoungGen      total 246272K, used 64243K [0x00000000eab00000, 0x0000000100000000, 0x0000000100000000)
  eden space 181760K, 0% used [0x00000000eab00000,0x00000000eab00000,0x00000000f5c80000)
  from space 64512K, 99% used [0x00000000f5c80000,0x00000000f9b3cce0,0x00000000f9b80000)
  to   space 88064K, 0% used [0x00000000faa00000,0x00000000faa00000,0x0000000100000000)
 ParOldGen       total 295936K, used 136740K [0x00000000c0000000, 0x00000000d2100000, 0x00000000eab00000)
  object space 295936K, 46% used [0x00000000c0000000,0x00000000c8589300,0x00000000d2100000)
 Metaspace       used 83000K, capacity 87842K, committed 88152K, reserved 1126400K
  class space    used 10457K, capacity 11307K, committed 11392K, reserved 1048576K
}
Event: 8340.510 GC heap before
{Heap before GC invocations=65 (full 5):
 PSYoungGen      total 246272K, used 245705K [0x00000000eab00000, 0x0000000100000000, 0x0000000100000000)
  eden space 181760K, 99% used [0x00000000eab00000,0x00000000f5c35818,0x00000000f5c80000)
  from space 64512K, 99% used [0x00000000f5c80000,0x00000000f9b3cce0,0x00000000f9b80000)
  to   space 88064K, 0% used [0x00000000faa00000,0x00000000faa00000,0x0000000100000000)
 ParOldGen       total 295936K, used 136740K [0x00000000c0000000, 0x00000000d2100000, 0x00000000eab00000)
  object space 295936K, 46% used [0x00000000c0000000,0x00000000c8589300,0x00000000d2100000)
 Metaspace       used 83024K, capacity 87882K, committed 88152K, reserved 1126400K
  class space    used 10461K, capacity 11313K, committed 11392K, reserved 1048576K
Event: 8340.518 GC heap after
Heap after GC invocations=65 (full 5):
 PSYoungGen      total 263680K, used 19860K [0x00000000eab00000, 0x0000000100000000, 0x0000000100000000)
  eden space 175616K, 0% used [0x00000000eab00000,0x00000000eab00000,0x00000000f5680000)
  from space 88064K, 22% used [0x00000000faa00000,0x00000000fbd65198,0x0000000100000000)
  to   space 85504K, 0% used [0x00000000f5680000,0x00000000f5680000,0x00000000faa00000)
 ParOldGen       total 295936K, used 137931K [0x00000000c0000000, 0x00000000d2100000, 0x00000000eab00000)
  object space 295936K, 46% used [0x00000000c0000000,0x00000000c86b2f28,0x00000000d2100000)
 Metaspace       used 83024K, capacity 87882K, committed 88152K, reserved 1126400K
  class space    used 10461K, capacity 11313K, committed 11392K, reserved 1048576K
}

